[2023-10-2622:54:36] [ ERROR] [OdontologoDaoH2:39] Column "NUMERODEMATRICULA" not found; SQL statement:
INSERT INTO ODONTOLOGO(NUMERODEMATRICULA, NOMBRE, APELLIDO) VALUES (?,?,?) [42122-224]
[2023-10-2622:54:36] [ INFO ] [OdontologoDaoH2:44] Tuvimos un problema
[2023-10-2622:54:36] [ ERROR] [OdontologoDaoH2:45] Column "NUMERODEMATRICULA" not found; SQL statement:
INSERT INTO ODONTOLOGO(NUMERODEMATRICULA, NOMBRE, APELLIDO) VALUES (?,?,?) [42122-224]
[2023-10-2622:55:59] [ ERROR] [OdontologoDaoH2:39] Data conversion error converting "'Rodriguez' (ODONTOLOGO: ""APELLIDO"" INTEGER NOT NULL)"; SQL statement:
INSERT INTO ODONTOLOGO(NUMERODEMATRICULA, NOMBRE, APELLIDO) VALUES (?,?,?) [22018-224]
[2023-10-2622:55:59] [ INFO ] [OdontologoDaoH2:44] Tuvimos un problema
[2023-10-2622:55:59] [ ERROR] [OdontologoDaoH2:45] Data conversion error converting "'Rodriguez' (ODONTOLOGO: ""APELLIDO"" INTEGER NOT NULL)"; SQL statement:
INSERT INTO ODONTOLOGO(NUMERODEMATRICULA, NOMBRE, APELLIDO) VALUES (?,?,?) [22018-224]
[2023-10-2622:58:56] [ ERROR] [OdontologoDaoH2:39] Data conversion error converting "'Rodriguez' (ODONTOLOGO: ""APELLIDO"" INTEGER NOT NULL)"; SQL statement:
INSERT INTO ODONTOLOGO(NUMERODEMATRICULA, NOMBRE, APELLIDO) VALUES (?,?,?) [22018-224]
[2023-10-2622:58:56] [ INFO ] [OdontologoDaoH2:44] Tuvimos un problema
[2023-10-2622:58:56] [ ERROR] [OdontologoDaoH2:45] Data conversion error converting "'Rodriguez' (ODONTOLOGO: ""APELLIDO"" INTEGER NOT NULL)"; SQL statement:
INSERT INTO ODONTOLOGO(NUMERODEMATRICULA, NOMBRE, APELLIDO) VALUES (?,?,?) [22018-224]
[2023-10-2622:59:27] [ ERROR] [OdontologoDaoH2:39] Data conversion error converting "'Rodriguez' (ODONTOLOGO: ""APELLIDO"" INTEGER NOT NULL)"; SQL statement:
INSERT INTO ODONTOLOGO(NUMERODEMATRICULA, NOMBRE, APELLIDO) VALUES (?,?,?) [22018-224]
[2023-10-2622:59:27] [ INFO ] [OdontologoDaoH2:44] Tuvimos un problema
[2023-10-2622:59:27] [ ERROR] [OdontologoDaoH2:45] Data conversion error converting "'Rodriguez' (ODONTOLOGO: ""APELLIDO"" INTEGER NOT NULL)"; SQL statement:
INSERT INTO ODONTOLOGO(NUMERODEMATRICULA, NOMBRE, APELLIDO) VALUES (?,?,?) [22018-224]
[2023-10-2622:59:59] [ ERROR] [OdontologoDaoH2:39] Data conversion error converting "'Rodriguez' (ODONTOLOGO: ""APELLIDO"" INTEGER NOT NULL)"; SQL statement:
INSERT INTO ODONTOLOGO(NUMERODEMATRICULA, NOMBRE, APELLIDO) VALUES (?,?,?) [22018-224]
[2023-10-2622:59:59] [ INFO ] [OdontologoDaoH2:44] Tuvimos un problema
[2023-10-2622:59:59] [ ERROR] [OdontologoDaoH2:45] Data conversion error converting "'Rodriguez' (ODONTOLOGO: ""APELLIDO"" INTEGER NOT NULL)"; SQL statement:
INSERT INTO ODONTOLOGO(NUMERODEMATRICULA, NOMBRE, APELLIDO) VALUES (?,?,?) [22018-224]
[2023-10-2623:02:27] [ ERROR] [OdontologoDaoH2:39] Unique index or primary key violation: "PRIMARY KEY ON PUBLIC.ODONTOLOGO(NUMERODEMATRICULA) ( /* key:0 */ 12345, 'Gerardo', 'Arias')"; SQL statement:
INSERT INTO ODONTOLOGO(NUMERODEMATRICULA, NOMBRE, APELLIDO) VALUES (?,?,?) [23505-224]
[2023-10-2623:02:27] [ INFO ] [OdontologoDaoH2:44] Tuvimos un problema
[2023-10-2623:02:27] [ ERROR] [OdontologoDaoH2:45] Unique index or primary key violation: "PRIMARY KEY ON PUBLIC.ODONTOLOGO(NUMERODEMATRICULA) ( /* key:0 */ 12345, 'Gerardo', 'Arias')"; SQL statement:
INSERT INTO ODONTOLOGO(NUMERODEMATRICULA, NOMBRE, APELLIDO) VALUES (?,?,?) [23505-224]
[2023-10-2623:03:23] [ ERROR] [OdontologoDaoH2:39] Invalid value "2" for parameter "columnIndex" [90008-224]
[2023-10-2623:03:23] [ INFO ] [OdontologoDaoH2:44] Tuvimos un problema
[2023-10-2623:03:23] [ ERROR] [OdontologoDaoH2:45] Invalid value "2" for parameter "columnIndex" [90008-224]
[2023-10-2623:09:09] [ ERROR] [OdontologoDaoH2:39] Invalid value "2" for parameter "columnIndex" [90008-224]
[2023-10-2623:09:09] [ INFO ] [OdontologoDaoH2:44] Tuvimos un problema
[2023-10-2623:09:09] [ ERROR] [OdontologoDaoH2:45] Invalid value "2" for parameter "columnIndex" [90008-224]
[2023-10-2623:12:17] [ ERROR] [OdontologoDaoH2:39] Invalid value "2" for parameter "columnIndex" [90008-224]
[2023-10-2623:12:17] [ INFO ] [OdontologoDaoH2:44] Tuvimos un problema
[2023-10-2623:12:17] [ ERROR] [OdontologoDaoH2:45] Invalid value "2" for parameter "columnIndex" [90008-224]
[2023-10-2623:14:13] [ ERROR] [OdontologoDaoH2:39] Invalid value "2" for parameter "columnIndex" [90008-224]
[2023-10-2623:14:13] [ INFO ] [OdontologoDaoH2:44] Tuvimos un problema
[2023-10-2623:14:13] [ ERROR] [OdontologoDaoH2:45] Invalid value "2" for parameter "columnIndex" [90008-224]
ERROR main com.backend.parcial.dao.impl.OdontologoDaoH2 - Invalid value "2" for parameter "columnIndex" [90008-224]
INFO main com.backend.parcial.dao.impl.OdontologoDaoH2 - Tuvimos un problema
ERROR main com.backend.parcial.dao.impl.OdontologoDaoH2 - Invalid value "2" for parameter "columnIndex" [90008-224]
[2023-10-2623:17:31] [ ERROR] [OdontologoDaoH2:39] Invalid value "2" for parameter "columnIndex" [90008-224]
[2023-10-2623:17:31] [ INFO ] [OdontologoDaoH2:44] Tuvimos un problema
[2023-10-2623:17:31] [ ERROR] [OdontologoDaoH2:45] Invalid value "2" for parameter "columnIndex" [90008-224]
[2023-11-0222:19:46] [ ERROR] [OdontologoDaoH2:39] Invalid value "2" for parameter "columnIndex" [90008-224]
[2023-11-0222:19:46] [ INFO ] [OdontologoDaoH2:44] Tuvimos un problema
[2023-11-0222:19:46] [ ERROR] [OdontologoDaoH2:45] Invalid value "2" for parameter "columnIndex" [90008-224]
[2023-11-0222:20:10] [ ERROR] [OdontologoDaoH2:39] Invalid value "2" for parameter "columnIndex" [90008-224]
[2023-11-0222:20:10] [ INFO ] [OdontologoDaoH2:44] Tuvimos un problema
[2023-11-0222:20:10] [ ERROR] [OdontologoDaoH2:45] Invalid value "2" for parameter "columnIndex" [90008-224]
[2023-11-0720:43:19] [ ERROR] [OdontologoDaoH2:39] Unique index or primary key violation: "PRIMARY KEY ON PUBLIC.ODONTOLOGO(NUMERODEMATRICULA) ( /* key:0 */ 12345, 'Gerardo', 'Arias')"; SQL statement:
INSERT INTO ODONTOLOGO(NUMERODEMATRICULA, NOMBRE, APELLIDO) VALUES (?,?,?) [23505-224]
[2023-11-0720:43:19] [ INFO ] [OdontologoDaoH2:44] Tuvimos un problema
[2023-11-0720:43:19] [ ERROR] [OdontologoDaoH2:45] Unique index or primary key violation: "PRIMARY KEY ON PUBLIC.ODONTOLOGO(NUMERODEMATRICULA) ( /* key:0 */ 12345, 'Gerardo', 'Arias')"; SQL statement:
INSERT INTO ODONTOLOGO(NUMERODEMATRICULA, NOMBRE, APELLIDO) VALUES (?,?,?) [23505-224]
[2023-11-0720:44:00] [ ERROR] [OdontologoDaoH2:39] Invalid value "2" for parameter "columnIndex" [90008-224]
[2023-11-0720:44:00] [ INFO ] [OdontologoDaoH2:44] Tuvimos un problema
[2023-11-0720:44:00] [ ERROR] [OdontologoDaoH2:45] Invalid value "2" for parameter "columnIndex" [90008-224]
[2023-11-0720:47:58] [ ERROR] [OdontologoDaoH2:39] Invalid value "2" for parameter "columnIndex" [90008-224]
[2023-11-0720:47:58] [ INFO ] [OdontologoDaoH2:44] Tuvimos un problema
[2023-11-0720:47:58] [ ERROR] [OdontologoDaoH2:45] Invalid value "2" for parameter "columnIndex" [90008-224]
[2023-11-0720:51:35] [ ERROR] [OdontologoDaoH2:39] Column "Gerardo" not found [42122-224]
[2023-11-0720:51:35] [ INFO ] [OdontologoDaoH2:44] Tuvimos un problema
[2023-11-0720:51:35] [ ERROR] [OdontologoDaoH2:45] Column "Gerardo" not found [42122-224]
[2023-11-0720:54:36] [ ERROR] [OdontologoDaoH2:39] Table "ODONTOLOGO" not found (this database is empty); SQL statement:
INSERT INTO ODONTOLOGO(NUMERODEMATRICULA, NOMBRE, APELLIDO) VALUES (?,?,?) [42104-224]
[2023-11-0720:54:36] [ INFO ] [OdontologoDaoH2:44] Tuvimos un problema
[2023-11-0720:54:36] [ ERROR] [OdontologoDaoH2:45] Table "ODONTOLOGO" not found (this database is empty); SQL statement:
INSERT INTO ODONTOLOGO(NUMERODEMATRICULA, NOMBRE, APELLIDO) VALUES (?,?,?) [42104-224]
[2023-11-0720:56:22] [ ERROR] [OdontologoDaoH2:39] Invalid value "2" for parameter "columnIndex" [90008-224]
[2023-11-0720:56:22] [ INFO ] [OdontologoDaoH2:44] Tuvimos un problema
[2023-11-0720:56:22] [ ERROR] [OdontologoDaoH2:45] Invalid value "2" for parameter "columnIndex" [90008-224]
